{
  "0 debug pnpm:scope": {
    "selected": 1
  },
  "1 error pnpm": {
    "code": "ELIFECYCLE",
    "errno": "ENOENT",
    "syscall": "spawn",
    "file": "sh",
    "pkgid": "solid-ts-d3@0.0.1",
    "stage": "dev",
    "script": "vite",
    "pkgname": "solid-ts-d3",
    "err": {
      "name": "pnpm",
      "message": "solid-ts-d3@0.0.1 dev: `vite`\nspawn ENOENT",
      "code": "ELIFECYCLE",
      "stack": "pnpm: solid-ts-d3@0.0.1 dev: `vite`\nspawn ENOENT\n    at ChildProcess.<anonymous> (/home/kaalin/.local/share/pnpm/global/5/.pnpm/pnpm@7.1.7/node_modules/pnpm/dist/pnpm.cjs:93511:22)\n    at ChildProcess.emit (node:events:527:28)\n    at maybeClose (node:internal/child_process:1092:16)\n    at Process.ChildProcess._handle.onexit (node:internal/child_process:302:5)"
    }
  },
  "2 warn pnpm:global": " Local package.json exists, but node_modules missing, did you mean to install?"
}